<?xml version="1.0" encoding="UTF-8"?>
<!-- Generated by org.testng.reporters.JUnitXMLReporter -->
<testsuite hostname="pc" ignored="0" tests="4" failures="0" timestamp="14 июн 2018 06:40:05 GMT" time="26.011" errors="0">
  <testcase name="AutenticationTest" time="1.373" classname="MyTestNGTest"/>
  <testcase name="NavigateToAddProductTest" time="8.414" classname="MyTestNGTest"/>
  <testcase name="AddNewProductTest" time="2.234" classname="MyTestNGTest"/>
  <testcase name="shopTest" time="4.366" classname="MyTestNGTest"/>
</testsuite>
